0 info it worked if it ends with ok
1 verbose cli [ 'node', '/usr/local/bin/npm', 'view', 'net-log' ]
2 info using npm@1.4.3
3 info using node@v0.10.28
4 verbose url raw net-log
5 verbose url resolving [ 'https://registry.npmjs.org/', './net-log' ]
6 verbose url resolved https://registry.npmjs.org/net-log
7 info trying registry request attempt 1 at 20:52:32
8 http GET https://registry.npmjs.org/net-log
9 http 404 https://registry.npmjs.org/net-log
10 silly registry.get cb [ 404,
10 silly registry.get   { date: 'Sun, 11 May 2014 00:52:33 GMT',
10 silly registry.get     server: 'CouchDB/1.5.0 (Erlang OTP/R16B)',
10 silly registry.get     'content-type': 'application/json',
10 silly registry.get     via: '1.1 varnish',
10 silly registry.get     'cache-control': 'max-age=0',
10 silly registry.get     'content-length': '52',
10 silly registry.get     'accept-ranges': 'bytes',
10 silly registry.get     age: '0',
10 silly registry.get     'x-served-by': 'cache-v41-ASH, cache-at52-ATL',
10 silly registry.get     'x-cache': 'MISS, MISS',
10 silly registry.get     'x-cache-hits': '0, 0',
10 silly registry.get     'x-timer': 'S1399769553.508099318,VS0,VS4,VE96,VE107',
10 silly registry.get     'keep-alive': 'timeout=10, max=50',
10 silly registry.get     connection: 'Keep-Alive' } ]
11 error 404 'net-log' is not in the npm registry.
11 error 404 You should bug the author to publish it
11 error 404
11 error 404 Note that you can also install from a
11 error 404 tarball, folder, or http url, or git url.
12 error System Darwin 13.1.0
13 error command "node" "/usr/local/bin/npm" "view" "net-log"
14 error cwd /Users/paolofragomeni/workroot/git/policymic/net-log
15 error node -v v0.10.28
16 error npm -v 1.4.3
17 error code E404
18 verbose exit [ 1, true ]
